
tosovklud: Tue Nov 26 16:43:30 UTC 2024
 - 
tosovklud: Wed Nov 27 16:42:24 UTC 2024
 - 
tosovklud: Thu Nov 28 16:41:07 UTC 2024
 - 
tosovklud: Fri Nov 29 16:41:30 UTC 2024
 - 
tosovklud: Sat Nov 30 16:39:34 UTC 2024
 - 
tosovklud: Sun Dec  1 16:39:17 UTC 2024
 - 
tosovklud: Mon Dec  2 16:42:45 UTC 2024
 - 
tosovklud: Tue Dec  3 16:43:23 UTC 2024
 - 
tosovklud: Wed Dec  4 16:43:57 UTC 2024
 - 
tosovklud: Thu Dec  5 16:43:13 UTC 2024
 - 
tosovklud: Fri Dec  6 16:40:23 UTC 2024
 - 
tosovklud: Sat Dec  7 16:39:39 UTC 2024
 - 
